<?xml version="1.0" encoding="UTF-8"?>
<!-- Generated by org.testng.reporters.JUnitReportReporter -->
<testsuite skipped="0" hostname="ASIL-MORANG" name="BrowserTest" tests="1" failures="0" timestamp="2020-01-29T12:53:51 IST" time="4.405" errors="0">
  <testcase name="weightTest" time="4.405" classname="BrowserTest"/>
  <system-out/>
</testsuite> <!-- BrowserTest -->
